<?xml version="1.0" encoding="utf-8"?>
<TestRun id="f79d5be3-315c-45d2-b142-d3a3f2a107ea" name="ricau@DESKTOP-KDTHGF0 2023-07-19 19:57:02" runUser="DESKTOP-KDTHGF0\ricau" xmlns="http://microsoft.com/schemas/VisualStudio/TeamTest/2010">
  <Times creation="2023-07-19T19:57:02.4281311-03:00" queuing="2023-07-19T19:57:02.4281313-03:00" start="2023-07-19T19:56:58.7438740-03:00" finish="2023-07-19T19:57:07.1490708-03:00" />
  <TestSettings name="default" id="7f7b0597-36e0-471b-92da-cbe415532c5c">
    <Deployment runDeploymentRoot="ricau_DESKTOP-KDTHGF0_2023-07-19_19_57_02" />
  </TestSettings>
  <Results>
    <UnitTestResult executionId="b300512a-83b1-48c9-817c-017bef52f67e" testId="aba80e67-eac8-76a4-2fcb-630e7738bee8" testName="Test2(1)" computerName="DESKTOP-KDTHGF0" duration="00:00:00.0000001" startTime="2023-07-19T19:57:01.0000000-03:00" endTime="2023-07-19T19:57:01.0000000-03:00" testType="13cdc9d9-ddb5-4fa4-a97d-d965ccfc6d4b" outcome="Passed" testListId="8c84fa94-04c1-424b-9868-57a2d4851a1d" relativeResultsDirectory="b300512a-83b1-48c9-817c-017bef52f67e">
      <Output>
        <StdOut>1</StdOut>
      </Output>
    </UnitTestResult>
    <UnitTestResult executionId="d2d5df4d-6354-4f07-b7c8-877af926022e" testId="c5fed7ea-c637-ee81-c85b-feb94ea19cf0" testName="Test1" computerName="DESKTOP-KDTHGF0" duration="00:00:01.4040000" startTime="2023-07-19T19:56:59.0000000-03:00" endTime="2023-07-19T19:57:01.0000000-03:00" testType="13cdc9d9-ddb5-4fa4-a97d-d965ccfc6d4b" outcome="Passed" testListId="8c84fa94-04c1-424b-9868-57a2d4851a1d" relativeResultsDirectory="d2d5df4d-6354-4f07-b7c8-877af926022e" />
    <UnitTestResult executionId="a3564390-88bc-40e3-990d-bccd5d0a4bb1" testId="c41f91ef-aacd-2999-0db6-c5d81b8a6931" testName="Test3" computerName="DESKTOP-KDTHGF0" duration="00:00:05.6940000" startTime="2023-07-19T19:57:01.0000000-03:00" endTime="2023-07-19T19:57:07.0000000-03:00" testType="13cdc9d9-ddb5-4fa4-a97d-d965ccfc6d4b" outcome="Passed" testListId="8c84fa94-04c1-424b-9868-57a2d4851a1d" relativeResultsDirectory="a3564390-88bc-40e3-990d-bccd5d0a4bb1" />
    <UnitTestResult executionId="dc38b8c2-c688-4546-97de-b2e723288689" testId="0c6921cb-4213-6c52-4fbc-c52a3a99f135" testName="Test2(2)" computerName="DESKTOP-KDTHGF0" duration="00:00:00.0000001" startTime="2023-07-19T19:57:01.0000000-03:00" endTime="2023-07-19T19:57:01.0000000-03:00" testType="13cdc9d9-ddb5-4fa4-a97d-d965ccfc6d4b" outcome="Passed" testListId="8c84fa94-04c1-424b-9868-57a2d4851a1d" relativeResultsDirectory="dc38b8c2-c688-4546-97de-b2e723288689">
      <Output>
        <StdOut>2</StdOut>
      </Output>
    </UnitTestResult>
    <UnitTestResult executionId="c5608e11-6a3f-4741-a8c5-e1c25fba7af4" testId="219f2155-d86b-bba3-281d-158209b70f9e" testName="Test2(3)" computerName="DESKTOP-KDTHGF0" duration="00:00:00.0000001" startTime="2023-07-19T19:57:01.0000000-03:00" endTime="2023-07-19T19:57:01.0000000-03:00" testType="13cdc9d9-ddb5-4fa4-a97d-d965ccfc6d4b" outcome="Passed" testListId="8c84fa94-04c1-424b-9868-57a2d4851a1d" relativeResultsDirectory="c5608e11-6a3f-4741-a8c5-e1c25fba7af4">
      <Output>
        <StdOut>3</StdOut>
      </Output>
    </UnitTestResult>
  </Results>
  <TestDefinitions>
    <UnitTest name="Test2(3)" storage="d:\users\ricau\source\repos\dotnet-test-result-action\tests\bin\release\net45\tests.dll" id="219f2155-d86b-bba3-281d-158209b70f9e">
      <Execution id="c5608e11-6a3f-4741-a8c5-e1c25fba7af4" />
      <TestMethod codeBase="D:\Users\ricau\source\repos\dotnet-test-result-action\Tests\bin\Release\net45\Tests.dll" adapterTypeName="executor://nunit3testexecutor/" className="Tests.Tests" name="Test2(3)" />
    </UnitTest>
    <UnitTest name="Test1" storage="d:\users\ricau\source\repos\dotnet-test-result-action\tests\bin\release\net45\tests.dll" id="c5fed7ea-c637-ee81-c85b-feb94ea19cf0">
      <Execution id="d2d5df4d-6354-4f07-b7c8-877af926022e" />
      <TestMethod codeBase="D:\Users\ricau\source\repos\dotnet-test-result-action\Tests\bin\Release\net45\Tests.dll" adapterTypeName="executor://nunit3testexecutor/" className="Tests.Tests" name="Test1" />
    </UnitTest>
    <UnitTest name="Test2(2)" storage="d:\users\ricau\source\repos\dotnet-test-result-action\tests\bin\release\net45\tests.dll" id="0c6921cb-4213-6c52-4fbc-c52a3a99f135">
      <Execution id="dc38b8c2-c688-4546-97de-b2e723288689" />
      <TestMethod codeBase="D:\Users\ricau\source\repos\dotnet-test-result-action\Tests\bin\Release\net45\Tests.dll" adapterTypeName="executor://nunit3testexecutor/" className="Tests.Tests" name="Test2(2)" />
    </UnitTest>
    <UnitTest name="Test3" storage="d:\users\ricau\source\repos\dotnet-test-result-action\tests\bin\release\net45\tests.dll" id="c41f91ef-aacd-2999-0db6-c5d81b8a6931">
      <Execution id="a3564390-88bc-40e3-990d-bccd5d0a4bb1" />
      <TestMethod codeBase="D:\Users\ricau\source\repos\dotnet-test-result-action\Tests\bin\Release\net45\Tests.dll" adapterTypeName="executor://nunit3testexecutor/" className="Tests.Tests" name="Test3" />
    </UnitTest>
    <UnitTest name="Test2(1)" storage="d:\users\ricau\source\repos\dotnet-test-result-action\tests\bin\release\net45\tests.dll" id="aba80e67-eac8-76a4-2fcb-630e7738bee8">
      <Execution id="b300512a-83b1-48c9-817c-017bef52f67e" />
      <TestMethod codeBase="D:\Users\ricau\source\repos\dotnet-test-result-action\Tests\bin\Release\net45\Tests.dll" adapterTypeName="executor://nunit3testexecutor/" className="Tests.Tests" name="Test2(1)" />
    </UnitTest>
  </TestDefinitions>
  <TestEntries>
    <TestEntry testId="aba80e67-eac8-76a4-2fcb-630e7738bee8" executionId="b300512a-83b1-48c9-817c-017bef52f67e" testListId="8c84fa94-04c1-424b-9868-57a2d4851a1d" />
    <TestEntry testId="c5fed7ea-c637-ee81-c85b-feb94ea19cf0" executionId="d2d5df4d-6354-4f07-b7c8-877af926022e" testListId="8c84fa94-04c1-424b-9868-57a2d4851a1d" />
    <TestEntry testId="c41f91ef-aacd-2999-0db6-c5d81b8a6931" executionId="a3564390-88bc-40e3-990d-bccd5d0a4bb1" testListId="8c84fa94-04c1-424b-9868-57a2d4851a1d" />
    <TestEntry testId="0c6921cb-4213-6c52-4fbc-c52a3a99f135" executionId="dc38b8c2-c688-4546-97de-b2e723288689" testListId="8c84fa94-04c1-424b-9868-57a2d4851a1d" />
    <TestEntry testId="219f2155-d86b-bba3-281d-158209b70f9e" executionId="c5608e11-6a3f-4741-a8c5-e1c25fba7af4" testListId="8c84fa94-04c1-424b-9868-57a2d4851a1d" />
  </TestEntries>
  <TestLists>
    <TestList name="Results Not in a List" id="8c84fa94-04c1-424b-9868-57a2d4851a1d" />
    <TestList name="All Loaded Results" id="19431567-8539-422a-85d7-44ee4e166bda" />
  </TestLists>
  <ResultSummary outcome="Completed">
    <Counters total="5" executed="5" passed="5" failed="0" error="0" timeout="0" aborted="0" inconclusive="0" passedButRunAborted="0" notRunnable="0" notExecuted="0" disconnected="0" warning="0" completed="0" inProgress="0" pending="0" />
    <Output>
      <StdOut>NUnit Adapter 3.16.1.0: Test execution started&#xD;
Running all tests in D:\Users\ricau\source\repos\dotnet-test-result-action\Tests\bin\Release\net45\Tests.dll&#xD;
   NUnit3TestExecutor converted 5 of 5 NUnit test cases&#xD;
NUnit Adapter 3.16.1.0: Test execution complete&#xD;
</StdOut>
    </Output>
  </ResultSummary>
</TestRun>