<?xml version="1.0" encoding="utf-8"?>
<TestRun id="effd6fe0-60c8-431c-811d-2476647f10d7" name="ricau@DESKTOP-KDTHGF0 2023-07-20 14:20:09" runUser="DESKTOP-KDTHGF0\ricau" xmlns="http://microsoft.com/schemas/VisualStudio/TeamTest/2010">
  <Times creation="2023-07-20T14:20:09.2233078-03:00" queuing="2023-07-20T14:20:09.2233080-03:00" start="2023-07-20T14:20:05.3641170-03:00" finish="2023-07-20T14:20:13.8889405-03:00" />
  <TestSettings name="default" id="71cacf25-088a-4114-87fb-011881a73679">
    <Deployment runDeploymentRoot="ricau_DESKTOP-KDTHGF0_2023-07-20_14_20_09" />
  </TestSettings>
  <Results>
    <UnitTestResult executionId="495ae3f7-4737-499e-a22c-0d2ee1e42d5b" testId="219f2155-d86b-bba3-281d-158209b70f9e" testName="Test2(3)" computerName="DESKTOP-KDTHGF0" duration="00:00:00.0000001" startTime="2023-07-20T14:20:08.0000000-03:00" endTime="2023-07-20T14:20:08.0000000-03:00" testType="13cdc9d9-ddb5-4fa4-a97d-d965ccfc6d4b" outcome="Passed" testListId="8c84fa94-04c1-424b-9868-57a2d4851a1d" relativeResultsDirectory="495ae3f7-4737-499e-a22c-0d2ee1e42d5b">
      <Output>
        <StdOut>3</StdOut>
      </Output>
    </UnitTestResult>
    <UnitTestResult executionId="ef8353f1-05e5-4289-add6-94881fa3708d" testId="6b4eb170-8437-837a-8683-894124ecc13f" testName="TestDuration" computerName="DESKTOP-KDTHGF0" duration="00:00:00.0010000" startTime="2023-07-20T14:20:13.0000000-03:00" endTime="2023-07-20T14:20:13.0000000-03:00" testType="13cdc9d9-ddb5-4fa4-a97d-d965ccfc6d4b" outcome="Passed" testListId="8c84fa94-04c1-424b-9868-57a2d4851a1d" relativeResultsDirectory="ef8353f1-05e5-4289-add6-94881fa3708d">
      <Output>
        <StdOut>20/07/2023 00:00:05&#xD;
00:00:05.6940000</StdOut>
      </Output>
    </UnitTestResult>
    <UnitTestResult executionId="f40172de-4d62-40a8-96a4-b6f3bf7ec929" testId="aba80e67-eac8-76a4-2fcb-630e7738bee8" testName="Test2(1)" computerName="DESKTOP-KDTHGF0" duration="00:00:00.0000001" startTime="2023-07-20T14:20:08.0000000-03:00" endTime="2023-07-20T14:20:08.0000000-03:00" testType="13cdc9d9-ddb5-4fa4-a97d-d965ccfc6d4b" outcome="Passed" testListId="8c84fa94-04c1-424b-9868-57a2d4851a1d" relativeResultsDirectory="f40172de-4d62-40a8-96a4-b6f3bf7ec929">
      <Output>
        <StdOut>1</StdOut>
      </Output>
    </UnitTestResult>
    <UnitTestResult executionId="57feb64c-4649-46c0-9351-2482f2fb49f9" testId="0c6921cb-4213-6c52-4fbc-c52a3a99f135" testName="Test2(2)" computerName="DESKTOP-KDTHGF0" duration="00:00:00.0000001" startTime="2023-07-20T14:20:08.0000000-03:00" endTime="2023-07-20T14:20:08.0000000-03:00" testType="13cdc9d9-ddb5-4fa4-a97d-d965ccfc6d4b" outcome="Passed" testListId="8c84fa94-04c1-424b-9868-57a2d4851a1d" relativeResultsDirectory="57feb64c-4649-46c0-9351-2482f2fb49f9">
      <Output>
        <StdOut>2</StdOut>
      </Output>
    </UnitTestResult>
    <UnitTestResult executionId="b99a8443-f601-4018-b103-2fe00d393b28" testId="c5fed7ea-c637-ee81-c85b-feb94ea19cf0" testName="Test1" computerName="DESKTOP-KDTHGF0" duration="00:00:01.3890000" startTime="2023-07-20T14:20:06.0000000-03:00" endTime="2023-07-20T14:20:08.0000000-03:00" testType="13cdc9d9-ddb5-4fa4-a97d-d965ccfc6d4b" outcome="Passed" testListId="8c84fa94-04c1-424b-9868-57a2d4851a1d" relativeResultsDirectory="b99a8443-f601-4018-b103-2fe00d393b28" />
    <UnitTestResult executionId="2dc25fcb-75b5-4354-92a7-c1fde3a96031" testId="c41f91ef-aacd-2999-0db6-c5d81b8a6931" testName="Test3" computerName="DESKTOP-KDTHGF0" duration="00:00:05.6830000" startTime="2023-07-20T14:20:08.0000000-03:00" endTime="2023-07-20T14:20:13.0000000-03:00" testType="13cdc9d9-ddb5-4fa4-a97d-d965ccfc6d4b" outcome="Passed" testListId="8c84fa94-04c1-424b-9868-57a2d4851a1d" relativeResultsDirectory="2dc25fcb-75b5-4354-92a7-c1fde3a96031" />
  </Results>
  <TestDefinitions>
    <UnitTest name="TestDuration" storage="d:\users\ricau\source\repos\dotnet-test-result-action\tests\bin\debug\net45\tests.dll" id="6b4eb170-8437-837a-8683-894124ecc13f">
      <Execution id="ef8353f1-05e5-4289-add6-94881fa3708d" />
      <TestMethod codeBase="D:\Users\ricau\source\repos\dotnet-test-result-action\Tests\bin\Debug\net45\Tests.dll" adapterTypeName="executor://nunit3testexecutor/" className="Tests.Tests" name="TestDuration" />
    </UnitTest>
    <UnitTest name="Test2(3)" storage="d:\users\ricau\source\repos\dotnet-test-result-action\tests\bin\debug\net45\tests.dll" id="219f2155-d86b-bba3-281d-158209b70f9e">
      <Execution id="495ae3f7-4737-499e-a22c-0d2ee1e42d5b" />
      <TestMethod codeBase="D:\Users\ricau\source\repos\dotnet-test-result-action\Tests\bin\Debug\net45\Tests.dll" adapterTypeName="executor://nunit3testexecutor/" className="Tests.Tests" name="Test2(3)" />
    </UnitTest>
    <UnitTest name="Test1" storage="d:\users\ricau\source\repos\dotnet-test-result-action\tests\bin\debug\net45\tests.dll" id="c5fed7ea-c637-ee81-c85b-feb94ea19cf0">
      <Execution id="b99a8443-f601-4018-b103-2fe00d393b28" />
      <TestMethod codeBase="D:\Users\ricau\source\repos\dotnet-test-result-action\Tests\bin\Debug\net45\Tests.dll" adapterTypeName="executor://nunit3testexecutor/" className="Tests.Tests" name="Test1" />
    </UnitTest>
    <UnitTest name="Test2(2)" storage="d:\users\ricau\source\repos\dotnet-test-result-action\tests\bin\debug\net45\tests.dll" id="0c6921cb-4213-6c52-4fbc-c52a3a99f135">
      <Execution id="57feb64c-4649-46c0-9351-2482f2fb49f9" />
      <TestMethod codeBase="D:\Users\ricau\source\repos\dotnet-test-result-action\Tests\bin\Debug\net45\Tests.dll" adapterTypeName="executor://nunit3testexecutor/" className="Tests.Tests" name="Test2(2)" />
    </UnitTest>
    <UnitTest name="Test3" storage="d:\users\ricau\source\repos\dotnet-test-result-action\tests\bin\debug\net45\tests.dll" id="c41f91ef-aacd-2999-0db6-c5d81b8a6931">
      <Execution id="2dc25fcb-75b5-4354-92a7-c1fde3a96031" />
      <TestMethod codeBase="D:\Users\ricau\source\repos\dotnet-test-result-action\Tests\bin\Debug\net45\Tests.dll" adapterTypeName="executor://nunit3testexecutor/" className="Tests.Tests" name="Test3" />
    </UnitTest>
    <UnitTest name="Test2(1)" storage="d:\users\ricau\source\repos\dotnet-test-result-action\tests\bin\debug\net45\tests.dll" id="aba80e67-eac8-76a4-2fcb-630e7738bee8">
      <Execution id="f40172de-4d62-40a8-96a4-b6f3bf7ec929" />
      <TestMethod codeBase="D:\Users\ricau\source\repos\dotnet-test-result-action\Tests\bin\Debug\net45\Tests.dll" adapterTypeName="executor://nunit3testexecutor/" className="Tests.Tests" name="Test2(1)" />
    </UnitTest>
  </TestDefinitions>
  <TestEntries>
    <TestEntry testId="219f2155-d86b-bba3-281d-158209b70f9e" executionId="495ae3f7-4737-499e-a22c-0d2ee1e42d5b" testListId="8c84fa94-04c1-424b-9868-57a2d4851a1d" />
    <TestEntry testId="6b4eb170-8437-837a-8683-894124ecc13f" executionId="ef8353f1-05e5-4289-add6-94881fa3708d" testListId="8c84fa94-04c1-424b-9868-57a2d4851a1d" />
    <TestEntry testId="aba80e67-eac8-76a4-2fcb-630e7738bee8" executionId="f40172de-4d62-40a8-96a4-b6f3bf7ec929" testListId="8c84fa94-04c1-424b-9868-57a2d4851a1d" />
    <TestEntry testId="0c6921cb-4213-6c52-4fbc-c52a3a99f135" executionId="57feb64c-4649-46c0-9351-2482f2fb49f9" testListId="8c84fa94-04c1-424b-9868-57a2d4851a1d" />
    <TestEntry testId="c5fed7ea-c637-ee81-c85b-feb94ea19cf0" executionId="b99a8443-f601-4018-b103-2fe00d393b28" testListId="8c84fa94-04c1-424b-9868-57a2d4851a1d" />
    <TestEntry testId="c41f91ef-aacd-2999-0db6-c5d81b8a6931" executionId="2dc25fcb-75b5-4354-92a7-c1fde3a96031" testListId="8c84fa94-04c1-424b-9868-57a2d4851a1d" />
  </TestEntries>
  <TestLists>
    <TestList name="Results Not in a List" id="8c84fa94-04c1-424b-9868-57a2d4851a1d" />
    <TestList name="All Loaded Results" id="19431567-8539-422a-85d7-44ee4e166bda" />
  </TestLists>
  <ResultSummary outcome="Completed">
    <Counters total="6" executed="6" passed="6" failed="0" error="0" timeout="0" aborted="0" inconclusive="0" passedButRunAborted="0" notRunnable="0" notExecuted="0" disconnected="0" warning="0" completed="0" inProgress="0" pending="0" />
    <Output>
      <StdOut>NUnit Adapter 3.16.1.0: Test execution started&#xD;
Running all tests in D:\Users\ricau\source\repos\dotnet-test-result-action\Tests\bin\Debug\net45\Tests.dll&#xD;
   NUnit3TestExecutor converted 6 of 6 NUnit test cases&#xD;
NUnit Adapter 3.16.1.0: Test execution complete&#xD;
</StdOut>
    </Output>
  </ResultSummary>
</TestRun>