<?xml version="1.0" encoding="utf-8"?>
<TestRun id="9877010b-03f9-4199-a3a7-b3eccb9f991f" name="ricau@DESKTOP-KDTHGF0 2023-07-19 18:57:36" runUser="DESKTOP-KDTHGF0\ricau" xmlns="http://microsoft.com/schemas/VisualStudio/TeamTest/2010">
  <Times creation="2023-07-19T18:57:36.6429625-03:00" queuing="2023-07-19T18:57:36.6429629-03:00" start="2023-07-19T18:57:32.9651410-03:00" finish="2023-07-19T18:57:41.3299415-03:00" />
  <TestSettings name="default" id="8cc4176b-5cb9-4354-937e-beed15a82572">
    <Deployment runDeploymentRoot="ricau_DESKTOP-KDTHGF0_2023-07-19_18_57_36" />
  </TestSettings>
  <Results>
    <UnitTestResult executionId="66f89c58-2980-44e5-81d9-32c2078e0116" testId="c41f91ef-aacd-2999-0db6-c5d81b8a6931" testName="Test3" computerName="DESKTOP-KDTHGF0" duration="00:00:05.6910000" startTime="2023-07-19T18:57:35.0000000-03:00" endTime="2023-07-19T18:57:41.0000000-03:00" testType="13cdc9d9-ddb5-4fa4-a97d-d965ccfc6d4b" outcome="Passed" testListId="8c84fa94-04c1-424b-9868-57a2d4851a1d" relativeResultsDirectory="66f89c58-2980-44e5-81d9-32c2078e0116" />
    <UnitTestResult executionId="0ff8bc84-3e92-421b-acf4-481d9bea17ec" testId="0c6921cb-4213-6c52-4fbc-c52a3a99f135" testName="Test2(2)" computerName="DESKTOP-KDTHGF0" duration="00:00:00.0000001" startTime="2023-07-19T18:57:35.0000000-03:00" endTime="2023-07-19T18:57:35.0000000-03:00" testType="13cdc9d9-ddb5-4fa4-a97d-d965ccfc6d4b" outcome="Passed" testListId="8c84fa94-04c1-424b-9868-57a2d4851a1d" relativeResultsDirectory="0ff8bc84-3e92-421b-acf4-481d9bea17ec">
      <Output>
        <StdOut>2</StdOut>
      </Output>
    </UnitTestResult>
    <UnitTestResult executionId="db187ac7-41d7-4a96-a3f2-3f76073f523b" testId="aba80e67-eac8-76a4-2fcb-630e7738bee8" testName="Test2(1)" computerName="DESKTOP-KDTHGF0" duration="00:00:00.0000001" startTime="2023-07-19T18:57:35.0000000-03:00" endTime="2023-07-19T18:57:35.0000000-03:00" testType="13cdc9d9-ddb5-4fa4-a97d-d965ccfc6d4b" outcome="Passed" testListId="8c84fa94-04c1-424b-9868-57a2d4851a1d" relativeResultsDirectory="db187ac7-41d7-4a96-a3f2-3f76073f523b">
      <Output>
        <StdOut>1</StdOut>
      </Output>
    </UnitTestResult>
    <UnitTestResult executionId="4c0cd1a7-bcad-483e-818a-a8a42f689279" testId="219f2155-d86b-bba3-281d-158209b70f9e" testName="Test2(3)" computerName="DESKTOP-KDTHGF0" duration="00:00:00.0000001" startTime="2023-07-19T18:57:35.0000000-03:00" endTime="2023-07-19T18:57:35.0000000-03:00" testType="13cdc9d9-ddb5-4fa4-a97d-d965ccfc6d4b" outcome="Passed" testListId="8c84fa94-04c1-424b-9868-57a2d4851a1d" relativeResultsDirectory="4c0cd1a7-bcad-483e-818a-a8a42f689279">
      <Output>
        <StdOut>3</StdOut>
      </Output>
    </UnitTestResult>
    <UnitTestResult executionId="054d8349-2230-4c46-a058-28e6191d47c4" testId="c5fed7ea-c637-ee81-c85b-feb94ea19cf0" testName="Test1" computerName="DESKTOP-KDTHGF0" duration="00:00:01.3910000" startTime="2023-07-19T18:57:34.0000000-03:00" endTime="2023-07-19T18:57:35.0000000-03:00" testType="13cdc9d9-ddb5-4fa4-a97d-d965ccfc6d4b" outcome="Passed" testListId="8c84fa94-04c1-424b-9868-57a2d4851a1d" relativeResultsDirectory="054d8349-2230-4c46-a058-28e6191d47c4" />
  </Results>
  <TestDefinitions>
    <UnitTest name="Test2(3)" storage="d:\users\ricau\source\repos\dotnet-test-result-action\tests\bin\debug\net45\tests.dll" id="219f2155-d86b-bba3-281d-158209b70f9e">
      <Execution id="4c0cd1a7-bcad-483e-818a-a8a42f689279" />
      <TestMethod codeBase="D:\Users\ricau\source\repos\dotnet-test-result-action\Tests\bin\Debug\net45\Tests.dll" adapterTypeName="executor://nunit3testexecutor/" className="Tests.Tests" name="Test2(3)" />
    </UnitTest>
    <UnitTest name="Test1" storage="d:\users\ricau\source\repos\dotnet-test-result-action\tests\bin\debug\net45\tests.dll" id="c5fed7ea-c637-ee81-c85b-feb94ea19cf0">
      <Execution id="054d8349-2230-4c46-a058-28e6191d47c4" />
      <TestMethod codeBase="D:\Users\ricau\source\repos\dotnet-test-result-action\Tests\bin\Debug\net45\Tests.dll" adapterTypeName="executor://nunit3testexecutor/" className="Tests.Tests" name="Test1" />
    </UnitTest>
    <UnitTest name="Test2(2)" storage="d:\users\ricau\source\repos\dotnet-test-result-action\tests\bin\debug\net45\tests.dll" id="0c6921cb-4213-6c52-4fbc-c52a3a99f135">
      <Execution id="0ff8bc84-3e92-421b-acf4-481d9bea17ec" />
      <TestMethod codeBase="D:\Users\ricau\source\repos\dotnet-test-result-action\Tests\bin\Debug\net45\Tests.dll" adapterTypeName="executor://nunit3testexecutor/" className="Tests.Tests" name="Test2(2)" />
    </UnitTest>
    <UnitTest name="Test3" storage="d:\users\ricau\source\repos\dotnet-test-result-action\tests\bin\debug\net45\tests.dll" id="c41f91ef-aacd-2999-0db6-c5d81b8a6931">
      <Execution id="66f89c58-2980-44e5-81d9-32c2078e0116" />
      <TestMethod codeBase="D:\Users\ricau\source\repos\dotnet-test-result-action\Tests\bin\Debug\net45\Tests.dll" adapterTypeName="executor://nunit3testexecutor/" className="Tests.Tests" name="Test3" />
    </UnitTest>
    <UnitTest name="Test2(1)" storage="d:\users\ricau\source\repos\dotnet-test-result-action\tests\bin\debug\net45\tests.dll" id="aba80e67-eac8-76a4-2fcb-630e7738bee8">
      <Execution id="db187ac7-41d7-4a96-a3f2-3f76073f523b" />
      <TestMethod codeBase="D:\Users\ricau\source\repos\dotnet-test-result-action\Tests\bin\Debug\net45\Tests.dll" adapterTypeName="executor://nunit3testexecutor/" className="Tests.Tests" name="Test2(1)" />
    </UnitTest>
  </TestDefinitions>
  <TestEntries>
    <TestEntry testId="c41f91ef-aacd-2999-0db6-c5d81b8a6931" executionId="66f89c58-2980-44e5-81d9-32c2078e0116" testListId="8c84fa94-04c1-424b-9868-57a2d4851a1d" />
    <TestEntry testId="0c6921cb-4213-6c52-4fbc-c52a3a99f135" executionId="0ff8bc84-3e92-421b-acf4-481d9bea17ec" testListId="8c84fa94-04c1-424b-9868-57a2d4851a1d" />
    <TestEntry testId="aba80e67-eac8-76a4-2fcb-630e7738bee8" executionId="db187ac7-41d7-4a96-a3f2-3f76073f523b" testListId="8c84fa94-04c1-424b-9868-57a2d4851a1d" />
    <TestEntry testId="219f2155-d86b-bba3-281d-158209b70f9e" executionId="4c0cd1a7-bcad-483e-818a-a8a42f689279" testListId="8c84fa94-04c1-424b-9868-57a2d4851a1d" />
    <TestEntry testId="c5fed7ea-c637-ee81-c85b-feb94ea19cf0" executionId="054d8349-2230-4c46-a058-28e6191d47c4" testListId="8c84fa94-04c1-424b-9868-57a2d4851a1d" />
  </TestEntries>
  <TestLists>
    <TestList name="Results Not in a List" id="8c84fa94-04c1-424b-9868-57a2d4851a1d" />
    <TestList name="All Loaded Results" id="19431567-8539-422a-85d7-44ee4e166bda" />
  </TestLists>
  <ResultSummary outcome="Completed">
    <Counters total="5" executed="5" passed="5" failed="0" error="0" timeout="0" aborted="0" inconclusive="0" passedButRunAborted="0" notRunnable="0" notExecuted="0" disconnected="0" warning="0" completed="0" inProgress="0" pending="0" />
    <Output>
      <StdOut>NUnit Adapter 3.16.1.0: Test execution started&#xD;
Running all tests in D:\Users\ricau\source\repos\dotnet-test-result-action\Tests\bin\Debug\net45\Tests.dll&#xD;
   NUnit3TestExecutor converted 5 of 5 NUnit test cases&#xD;
NUnit Adapter 3.16.1.0: Test execution complete&#xD;
</StdOut>
    </Output>
  </ResultSummary>
</TestRun>